# project  configured on Sat Mar 12 17:36:43 2022 by
# waf 1.7.11 (abi 98, python 20712c1 on linux2)
# using /home/will/.pebble-sdk/SDKs/current/sdk-core/pebble/waf configure
#
----------------------------------------
Setting top to
/media/will/2f23e942-b720-4a09-859c-10b67685024c/home/will/Documents/pebble/wordle
----------------------------------------
Setting out to
/media/will/2f23e942-b720-4a09-859c-10b67685024c/home/will/Documents/pebble/wordle/build
----------------------------------------
Checking for program webpack
/home/will/.pebble-sdk/SDKs/current/node_modules/.bin/webpack
find program=['webpack'] paths=['/home/will/.pebble-sdk/SDKs/current/node_modules/.bin'] var='WEBPACK' -> '/home/will/.pebble-sdk/SDKs/current/node_modules/.bin/webpack'
----------------------------------------
Found Pebble SDK for basalt in:
/home/will/.pebble-sdk/SDKs/current/sdk-core/pebble/basalt
----------------------------------------
Checking for program gcc,cc
arm-none-eabi-gcc
find program=['gcc', 'cc'] paths='' var='CC' -> 'arm-none-eabi-gcc'
----------------------------------------
Checking for program ar
arm-none-eabi-ar
find program=['ar'] paths='' var='AR' -> 'arm-none-eabi-ar'
